C51 COMPILER V9.02   CODE                                                                  10/17/2012 22:48:27 PAGE 1   


C51 COMPILER V9.02, COMPILATION OF MODULE CODE
OBJECT MODULE PLACED IN code.OBJ
COMPILER INVOKED BY: C:\Keil\C51\BIN\C51.EXE code.c BROWSE DEBUG OBJECTEXTEND

line level    source

   1          #include<reg51.h>
   2          
   3          // LED Pin
   4          sbit LED = P1^0;                   // Pin P1.0 is named as LED
   5          
   6          //Function declarations
   7          void cct_init(void);
   8          void delay(int a);
   9          
  10          
  11          int main(void)
  12          {
  13   1         cct_init();                 // Make all ports zero
  14   1       
  15   1         while(1)
  16   1         {
  17   2                 LED = 0;                // Pin P1.0 Low
  18   2             delay(30000);       // Half sec delay
  19   2             LED = 1;                    // Pin P1.0 High
  20   2             delay(30000);       // Half sec delay
  21   2         }
  22   1      }
  23          
  24          void cct_init(void)
  25          {
  26   1      P0 = 0x00;   
  27   1      P1 = 0x00;   
  28   1      P2 = 0x00;   
  29   1      P3 = 0x00;  
  30   1      }
  31          
  32          void delay(int a)
  33          {
  34   1         int i;
  35   1         for(i=0;i<a;i++);   //null statement
  36   1      }
  37          


MODULE INFORMATION:   STATIC OVERLAYABLE
   CODE SIZE        =     57    ----
   CONSTANT SIZE    =   ----    ----
   XDATA SIZE       =   ----    ----
   PDATA SIZE       =   ----    ----
   DATA SIZE        =   ----    ----
   IDATA SIZE       =   ----    ----
   BIT SIZE         =   ----    ----
END OF MODULE INFORMATION.


C51 COMPILATION COMPLETE.  0 WARNING(S),  0 ERROR(S)
